  [1m[36m (1.1ms)[0m  [1mCREATE TABLE "schema_migrations" ("version" varchar NOT NULL) [0m
  [1m[35m (0.1ms)[0m  select sqlite_version(*)
  [1m[36m (0.8ms)[0m  [1mCREATE UNIQUE INDEX "unique_schema_migrations" ON "schema_migrations" ("version")[0m
  [1m[35mActiveRecord::SchemaMigration Load (0.1ms)[0m  SELECT "schema_migrations".* FROM "schema_migrations"
Migrating to DeviseCreateUsers (20151108032242)
  [1m[36m (0.1ms)[0m  [1mbegin transaction[0m
  [1m[35m (0.5ms)[0m  CREATE TABLE "users" ("id" INTEGER PRIMARY KEY AUTOINCREMENT NOT NULL, "email" varchar DEFAULT '' NOT NULL, "encrypted_password" varchar DEFAULT '' NOT NULL, "reset_password_token" varchar, "reset_password_sent_at" datetime, "remember_created_at" datetime, "sign_in_count" integer DEFAULT 0 NOT NULL, "current_sign_in_at" datetime, "last_sign_in_at" datetime, "current_sign_in_ip" varchar, "last_sign_in_ip" varchar, "created_at" datetime NOT NULL, "updated_at" datetime NOT NULL) 
  [1m[36m (0.5ms)[0m  [1mCREATE UNIQUE INDEX "index_users_on_email" ON "users" ("email")[0m
  [1m[35m (0.1ms)[0m              SELECT sql
            FROM sqlite_master
            WHERE name='index_users_on_email' AND type='index'
            UNION ALL
            SELECT sql
            FROM sqlite_temp_master
            WHERE name='index_users_on_email' AND type='index'

  [1m[36m (0.1ms)[0m  [1mCREATE UNIQUE INDEX "index_users_on_reset_password_token" ON "users" ("reset_password_token")[0m
  [1m[35mSQL (0.1ms)[0m  INSERT INTO "schema_migrations" ("version") VALUES (?)  [["version", "20151108032242"]]
  [1m[36m (1.0ms)[0m  [1mcommit transaction[0m
Migrating to CreateThoughts (20151108041550)
  [1m[35m (0.0ms)[0m  begin transaction
  [1m[36m (0.5ms)[0m  [1mCREATE TABLE "thoughts" ("id" INTEGER PRIMARY KEY AUTOINCREMENT NOT NULL, "title" varchar, "body" text, "distress_level" integer, "user_id" integer, "created_at" datetime NOT NULL, "updated_at" datetime NOT NULL) [0m
  [1m[35mSQL (0.1ms)[0m  INSERT INTO "schema_migrations" ("version") VALUES (?)  [["version", "20151108041550"]]
  [1m[36m (0.6ms)[0m  [1mcommit transaction[0m
  [1m[35mActiveRecord::SchemaMigration Load (0.1ms)[0m  SELECT "schema_migrations".* FROM "schema_migrations"
  [1m[36m (0.1ms)[0m  [1m            SELECT sql
            FROM sqlite_master
            WHERE name='index_users_on_reset_password_token' AND type='index'
            UNION ALL
            SELECT sql
            FROM sqlite_temp_master
            WHERE name='index_users_on_reset_password_token' AND type='index'
[0m
  [1m[35m (0.1ms)[0m              SELECT sql
            FROM sqlite_master
            WHERE name='index_users_on_email' AND type='index'
            UNION ALL
            SELECT sql
            FROM sqlite_temp_master
            WHERE name='index_users_on_email' AND type='index'



Started GET "/" for ::1 at 2015-11-08 00:19:29 -0500
  [1m[36mActiveRecord::SchemaMigration Load (0.1ms)[0m  [1mSELECT "schema_migrations".* FROM "schema_migrations"[0m
Processing by PagesController#home as HTML
  [1m[35mUser Load (0.2ms)[0m  SELECT  "users".* FROM "users" WHERE "users"."id" = ?  ORDER BY "users"."id" ASC LIMIT 1  [["id", 1]]
  Rendered pages/home.html.erb within layouts/application (19.4ms)
Completed 200 OK in 4161ms (Views: 4148.4ms | ActiveRecord: 0.7ms)
  [1m[36mUser Load (0.6ms)[0m  [1mSELECT  "users".* FROM "users"  ORDER BY "users"."id" ASC LIMIT 1[0m
  [1m[35mUser Load (0.2ms)[0m  SELECT  "users".* FROM "users"  ORDER BY "users"."id" ASC LIMIT 1


Started GET "/" for ::1 at 2015-11-08 00:27:53 -0500
  [1m[36mActiveRecord::SchemaMigration Load (0.5ms)[0m  [1mSELECT "schema_migrations".* FROM "schema_migrations"[0m
Processing by PagesController#home as HTML
  Rendered pages/home.html.erb within layouts/application (7.3ms)
Completed 200 OK in 404ms (Views: 394.1ms | ActiveRecord: 0.0ms)


Started GET "/" for ::1 at 2015-11-08 00:27:55 -0500
Processing by PagesController#home as HTML
  Rendered pages/home.html.erb within layouts/application (0.9ms)
Completed 200 OK in 142ms (Views: 140.9ms | ActiveRecord: 0.0ms)


Started GET "/users/sign_in" for ::1 at 2015-11-08 00:27:56 -0500
Processing by Devise::SessionsController#new as HTML
  Rendered devise/shared/_links.html.erb (1.2ms)
  Rendered devise/sessions/new.html.erb within layouts/application (35.1ms)
Completed 200 OK in 153ms (Views: 142.0ms | ActiveRecord: 0.3ms)


Started GET "/users/sign_up" for ::1 at 2015-11-08 00:27:58 -0500
Processing by Devise::RegistrationsController#new as HTML
  Rendered devise/shared/_links.html.erb (0.3ms)
  Rendered devise/registrations/new.html.erb within layouts/application (4.1ms)
Completed 200 OK in 117ms (Views: 116.3ms | ActiveRecord: 0.0ms)


Started POST "/users" for ::1 at 2015-11-08 00:28:03 -0500
Processing by Devise::RegistrationsController#create as HTML
  Parameters: {"utf8"=>"✓", "authenticity_token"=>"bga2I/1qgf4Cawcog7QcYhzgb0JpG+rQho9gxHRDczHqi1Cfj+I07ApDeuzyXzSI32DCpOd572oh5pVSUDn1yw==", "user"=>{"email"=>"guozhaonan@gmail.com", "password"=>"[FILTERED]", "password_confirmation"=>"[FILTERED]"}, "commit"=>"Sign up"}
  [1m[35m (0.1ms)[0m  begin transaction
  [1m[36mUser Exists (0.5ms)[0m  [1mSELECT  1 AS one FROM "users" WHERE "users"."email" = 'guozhaonan@gmail.com' LIMIT 1[0m
  [1m[35m (0.1ms)[0m  rollback transaction
  Rendered devise/shared/_links.html.erb (0.2ms)
  Rendered devise/registrations/new.html.erb within layouts/application (3.8ms)
Completed 200 OK in 226ms (Views: 107.9ms | ActiveRecord: 0.7ms)


Started POST "/users" for ::1 at 2015-11-08 00:28:08 -0500
Processing by Devise::RegistrationsController#create as HTML
  Parameters: {"utf8"=>"✓", "authenticity_token"=>"hCdGyD8U4+piXBQNNF/FEX/GCs4rEJoH/LHgC8E8Z5AAqqB0TZxW+Gp0aclFtO37vEanKKVyn71b2BWd5Ubhag==", "user"=>{"email"=>"guozhaonan@gmail.com", "password"=>"[FILTERED]", "password_confirmation"=>"[FILTERED]"}, "commit"=>"Sign up"}
  [1m[36m (0.1ms)[0m  [1mbegin transaction[0m
  [1m[35mUser Exists (0.1ms)[0m  SELECT  1 AS one FROM "users" WHERE "users"."email" = 'guozhaonan@gmail.com' LIMIT 1
  [1m[36mSQL (2.0ms)[0m  [1mINSERT INTO "users" ("email", "encrypted_password", "created_at", "updated_at") VALUES (?, ?, ?, ?)[0m  [["email", "guozhaonan@gmail.com"], ["encrypted_password", "$2a$10$YP8e4j5EW6ttlPejCw7J3O28ccmgfXpU/bzgQer3HB2vUbEhBpOkK"], ["created_at", "2015-11-08 05:28:09.062796"], ["updated_at", "2015-11-08 05:28:09.062796"]]
  [1m[35m (0.7ms)[0m  commit transaction
  [1m[36m (0.1ms)[0m  [1mbegin transaction[0m
  [1m[35mSQL (0.3ms)[0m  UPDATE "users" SET "last_sign_in_at" = ?, "current_sign_in_at" = ?, "last_sign_in_ip" = ?, "current_sign_in_ip" = ?, "sign_in_count" = ?, "updated_at" = ? WHERE "users"."id" = ?  [["last_sign_in_at", "2015-11-08 05:28:09.067334"], ["current_sign_in_at", "2015-11-08 05:28:09.067334"], ["last_sign_in_ip", "::1"], ["current_sign_in_ip", "::1"], ["sign_in_count", 1], ["updated_at", "2015-11-08 05:28:09.068009"], ["id", 1]]
  [1m[36m (0.8ms)[0m  [1mcommit transaction[0m
Redirected to http://localhost:3000/
Completed 302 Found in 101ms (ActiveRecord: 4.0ms)


Started GET "/" for ::1 at 2015-11-08 00:28:09 -0500
Processing by PagesController#home as HTML
  [1m[35mUser Load (0.3ms)[0m  SELECT  "users".* FROM "users" WHERE "users"."id" = ?  ORDER BY "users"."id" ASC LIMIT 1  [["id", 1]]
  Rendered pages/home.html.erb within layouts/application (2.1ms)
Completed 200 OK in 117ms (Views: 115.7ms | ActiveRecord: 0.3ms)


Started DELETE "/users/sign_out" for ::1 at 2015-11-08 00:28:10 -0500
Processing by Devise::SessionsController#destroy as HTML
  Parameters: {"authenticity_token"=>"33gqh4q56wV+9wEbf58qFvoXRFKw3FOS31yeSGyJijtb9cw7+DFeF3bffN8OdAL8OZfptD6+Vih4NWveSPMMwQ=="}
  [1m[36mUser Load (0.1ms)[0m  [1mSELECT  "users".* FROM "users" WHERE "users"."id" = ?  ORDER BY "users"."id" ASC LIMIT 1[0m  [["id", 1]]
  [1m[35m (0.1ms)[0m  begin transaction
  [1m[36m (0.0ms)[0m  [1mcommit transaction[0m
Redirected to http://localhost:3000/
Completed 302 Found in 7ms (ActiveRecord: 0.2ms)


Started GET "/" for ::1 at 2015-11-08 00:28:10 -0500
Processing by PagesController#home as HTML
  Rendered pages/home.html.erb within layouts/application (0.5ms)
Completed 200 OK in 98ms (Views: 97.3ms | ActiveRecord: 0.0ms)
  [1m[36mUser Load (0.2ms)[0m  [1mSELECT  "users".* FROM "users"  ORDER BY "users"."id" ASC LIMIT 1[0m


Started GET "/" for ::1 at 2015-11-08 00:54:58 -0500
  [1m[36mActiveRecord::SchemaMigration Load (0.4ms)[0m  [1mSELECT "schema_migrations".* FROM "schema_migrations"[0m
Processing by PagesController#home as HTML
  Rendered pages/home.html.erb within layouts/application (10.4ms)
Completed 200 OK in 541ms (Views: 511.5ms | ActiveRecord: 0.0ms)


Started GET "/users/sign_in" for ::1 at 2015-11-08 00:55:04 -0500
Processing by Devise::SessionsController#new as HTML
  Rendered devise/shared/_links.html.erb (1.6ms)
  Rendered devise/sessions/new.html.erb within layouts/application (44.1ms)
Completed 200 OK in 193ms (Views: 172.9ms | ActiveRecord: 0.3ms)


Started POST "/users/sign_in" for ::1 at 2015-11-08 00:55:09 -0500
Processing by Devise::SessionsController#create as HTML
  Parameters: {"utf8"=>"✓", "authenticity_token"=>"aL9CXv3e74tHGCpiw1xZ5BBkKhGTq8X2qdq+cz0V2ZT6GQMEwLJTPNMqOI726qLq+THAD7E7fzjLeqJJeyFmiQ==", "user"=>{"email"=>"guozhaonan@gmail.com", "password"=>"[FILTERED]", "remember_me"=>"0"}, "commit"=>"Log in"}
  [1m[35mUser Load (0.9ms)[0m  SELECT  "users".* FROM "users" WHERE "users"."email" = ?  ORDER BY "users"."id" ASC LIMIT 1  [["email", "guozhaonan@gmail.com"]]
  [1m[36m (0.1ms)[0m  [1mbegin transaction[0m
  [1m[35mSQL (0.4ms)[0m  UPDATE "users" SET "current_sign_in_at" = ?, "sign_in_count" = ?, "updated_at" = ? WHERE "users"."id" = ?  [["current_sign_in_at", "2015-11-08 05:55:09.333563"], ["sign_in_count", 2], ["updated_at", "2015-11-08 05:55:09.334744"], ["id", 1]]
  [1m[36m (0.8ms)[0m  [1mcommit transaction[0m
Redirected to http://localhost:3000/
Completed 302 Found in 109ms (ActiveRecord: 2.1ms)


Started GET "/" for ::1 at 2015-11-08 00:55:09 -0500
Processing by PagesController#home as HTML
  [1m[35mUser Load (0.2ms)[0m  SELECT  "users".* FROM "users" WHERE "users"."id" = ?  ORDER BY "users"."id" ASC LIMIT 1  [["id", 1]]
  Rendered pages/home.html.erb within layouts/application (1.1ms)
Completed 200 OK in 99ms (Views: 98.2ms | ActiveRecord: 0.2ms)


Started GET "/posts" for ::1 at 2015-11-08 00:55:13 -0500

ActionController::RoutingError (No route matches [GET] "/posts"):
  actionpack (4.2.1) lib/action_dispatch/middleware/debug_exceptions.rb:21:in `call'
  web-console (2.2.1) lib/web_console/middleware.rb:39:in `call'
  actionpack (4.2.1) lib/action_dispatch/middleware/show_exceptions.rb:30:in `call'
  railties (4.2.1) lib/rails/rack/logger.rb:38:in `call_app'
  railties (4.2.1) lib/rails/rack/logger.rb:20:in `block in call'
  activesupport (4.2.1) lib/active_support/tagged_logging.rb:68:in `block in tagged'
  activesupport (4.2.1) lib/active_support/tagged_logging.rb:26:in `tagged'
  activesupport (4.2.1) lib/active_support/tagged_logging.rb:68:in `tagged'
  railties (4.2.1) lib/rails/rack/logger.rb:20:in `call'
  actionpack (4.2.1) lib/action_dispatch/middleware/request_id.rb:21:in `call'
  rack (1.6.4) lib/rack/methodoverride.rb:22:in `call'
  rack (1.6.4) lib/rack/runtime.rb:18:in `call'
  activesupport (4.2.1) lib/active_support/cache/strategy/local_cache_middleware.rb:28:in `call'
  rack (1.6.4) lib/rack/lock.rb:17:in `call'
  actionpack (4.2.1) lib/action_dispatch/middleware/static.rb:113:in `call'
  rack (1.6.4) lib/rack/sendfile.rb:113:in `call'
  railties (4.2.1) lib/rails/engine.rb:518:in `call'
  railties (4.2.1) lib/rails/application.rb:164:in `call'
  rack (1.6.4) lib/rack/lock.rb:17:in `call'
  rack (1.6.4) lib/rack/content_length.rb:15:in `call'
  rack (1.6.4) lib/rack/handler/webrick.rb:88:in `service'
  /Users/albertguo/.rvm/rubies/ruby-2.2.1/lib/ruby/2.2.0/webrick/httpserver.rb:138:in `service'
  /Users/albertguo/.rvm/rubies/ruby-2.2.1/lib/ruby/2.2.0/webrick/httpserver.rb:94:in `run'
  /Users/albertguo/.rvm/rubies/ruby-2.2.1/lib/ruby/2.2.0/webrick/server.rb:294:in `block in start_thread'


  Rendered /Users/albertguo/.rvm/gems/ruby-2.2.1/gems/actionpack-4.2.1/lib/action_dispatch/middleware/templates/rescues/_trace.html.erb (1.4ms)
  Rendered /Users/albertguo/.rvm/gems/ruby-2.2.1/gems/actionpack-4.2.1/lib/action_dispatch/middleware/templates/routes/_route.html.erb (1.6ms)
  Rendered /Users/albertguo/.rvm/gems/ruby-2.2.1/gems/actionpack-4.2.1/lib/action_dispatch/middleware/templates/routes/_table.html.erb (3.7ms)
  Rendered /Users/albertguo/.rvm/gems/ruby-2.2.1/gems/actionpack-4.2.1/lib/action_dispatch/middleware/templates/rescues/_request_and_response.html.erb (1.4ms)
  Rendered /Users/albertguo/.rvm/gems/ruby-2.2.1/gems/actionpack-4.2.1/lib/action_dispatch/middleware/templates/rescues/routing_error.html.erb within rescues/layout (73.1ms)
  Rendered /Users/albertguo/.rvm/gems/ruby-2.2.1/gems/web-console-2.2.1/lib/web_console/templates/_markup.html.erb (0.4ms)
  Rendered /Users/albertguo/.rvm/gems/ruby-2.2.1/gems/web-console-2.2.1/lib/web_console/templates/_inner_console_markup.html.erb within layouts/inlined_string (0.3ms)
  Rendered /Users/albertguo/.rvm/gems/ruby-2.2.1/gems/web-console-2.2.1/lib/web_console/templates/_prompt_box_markup.html.erb within layouts/inlined_string (0.3ms)
  Rendered /Users/albertguo/.rvm/gems/ruby-2.2.1/gems/web-console-2.2.1/lib/web_console/templates/style.css.erb within layouts/inlined_string (0.3ms)
  Rendered /Users/albertguo/.rvm/gems/ruby-2.2.1/gems/web-console-2.2.1/lib/web_console/templates/console.js.erb within layouts/javascript (46.6ms)
  Rendered /Users/albertguo/.rvm/gems/ruby-2.2.1/gems/web-console-2.2.1/lib/web_console/templates/main.js.erb within layouts/javascript (0.3ms)
  Rendered /Users/albertguo/.rvm/gems/ruby-2.2.1/gems/web-console-2.2.1/lib/web_console/templates/error_page.js.erb within layouts/javascript (0.4ms)
  Rendered /Users/albertguo/.rvm/gems/ruby-2.2.1/gems/web-console-2.2.1/lib/web_console/templates/index.html.erb (104.3ms)


Started GET "/thoughts" for ::1 at 2015-11-08 00:55:19 -0500
Processing by ThoughtsController#index as HTML
  [1m[36mThought Load (0.7ms)[0m  [1mSELECT "thoughts".* FROM "thoughts"[0m
  Rendered thoughts/index.html.erb within layouts/application (2.5ms)
Completed 200 OK in 122ms (Views: 108.5ms | ActiveRecord: 0.8ms)


Started GET "/thoughts/new" for ::1 at 2015-11-08 00:55:20 -0500
Processing by ThoughtsController#new as HTML
  [1m[35mUser Load (0.1ms)[0m  SELECT  "users".* FROM "users" WHERE "users"."id" = ?  ORDER BY "users"."id" ASC LIMIT 1  [["id", 1]]
  Rendered thoughts/_form.html.erb (8.3ms)
  Rendered thoughts/new.html.erb within layouts/application (10.7ms)
Completed 200 OK in 143ms (Views: 115.5ms | ActiveRecord: 0.2ms)


Started POST "/thoughts" for ::1 at 2015-11-08 00:56:19 -0500
Processing by ThoughtsController#create as HTML
  Parameters: {"utf8"=>"✓", "authenticity_token"=>"u9K0GjHhLU48tkjU0Y6yGhKA/KAoCsKkzs9tDKj83bSKd3l4OyUuJKrjyeS67KiQ+1RSYuEKGVNYFmQL4QN+7A==", "thought"=>{"title"=>"Test Number 1", "body"=>"I am feeling great, everything has been incredibly smooth and I am convinced that everything will work out in the end!", "distress_level"=>"10"}, "commit"=>"Create Thought"}
  [1m[36mUser Load (0.1ms)[0m  [1mSELECT  "users".* FROM "users" WHERE "users"."id" = ?  ORDER BY "users"."id" ASC LIMIT 1[0m  [["id", 1]]
  [1m[35m (0.1ms)[0m  begin transaction
  [1m[36mSQL (0.7ms)[0m  [1mINSERT INTO "thoughts" ("title", "body", "distress_level", "user_id", "created_at", "updated_at") VALUES (?, ?, ?, ?, ?, ?)[0m  [["title", "Test Number 1"], ["body", "I am feeling great, everything has been incredibly smooth and I am convinced that everything will work out in the end!"], ["distress_level", 10], ["user_id", 1], ["created_at", "2015-11-08 05:56:19.933586"], ["updated_at", "2015-11-08 05:56:19.933586"]]
  [1m[35m (0.7ms)[0m  commit transaction
Redirected to http://localhost:3000/thoughts/1
Completed 302 Found in 9ms (ActiveRecord: 1.6ms)


Started GET "/thoughts/1" for ::1 at 2015-11-08 00:56:19 -0500
Processing by ThoughtsController#show as HTML
  Parameters: {"id"=>"1"}
  [1m[36mThought Load (0.2ms)[0m  [1mSELECT  "thoughts".* FROM "thoughts" WHERE "thoughts"."id" = ? LIMIT 1[0m  [["id", 1]]
  Rendered thoughts/show.html.erb within layouts/application (1.6ms)
Completed 200 OK in 103ms (Views: 99.5ms | ActiveRecord: 0.2ms)


Started GET "/thoughts" for ::1 at 2015-11-08 00:56:22 -0500
Processing by ThoughtsController#index as HTML
  [1m[35mThought Load (0.1ms)[0m  SELECT "thoughts".* FROM "thoughts"
  Rendered thoughts/index.html.erb within layouts/application (1.6ms)
Completed 200 OK in 94ms (Views: 92.8ms | ActiveRecord: 0.1ms)


Started GET "/thoughts" for ::1 at 2015-11-08 00:56:58 -0500
Processing by ThoughtsController#index as HTML
  [1m[36mThought Load (0.1ms)[0m  [1mSELECT "thoughts".* FROM "thoughts"[0m
  Rendered thoughts/index.html.erb within layouts/application (1.0ms)
Completed 200 OK in 126ms (Views: 125.0ms | ActiveRecord: 0.1ms)


Started GET "/thoughts" for ::1 at 2015-11-08 00:57:01 -0500
Processing by ThoughtsController#index as HTML
  [1m[35mThought Load (0.2ms)[0m  SELECT "thoughts".* FROM "thoughts"
  Rendered thoughts/index.html.erb within layouts/application (1.2ms)
Completed 200 OK in 94ms (Views: 93.3ms | ActiveRecord: 0.2ms)


Started GET "/thoughts" for ::1 at 2015-11-08 00:58:23 -0500
Processing by ThoughtsController#index as HTML
  [1m[36mThought Load (0.5ms)[0m  [1mSELECT "thoughts".* FROM "thoughts"[0m
  [1m[35mUser Load (0.3ms)[0m  SELECT  "users".* FROM "users" WHERE "users"."id" = ? LIMIT 1  [["id", 1]]
  Rendered thoughts/index.html.erb within layouts/application (6.5ms)
Completed 200 OK in 129ms (Views: 127.9ms | ActiveRecord: 0.7ms)


Started GET "/assets/pages.self-e3b0c44298fc1c149afbf4c8996fb92427ae41e4649b934ca495991b7852b855.css?body=1" for ::1 at 2015-11-08 00:58:23 -0500


Started GET "/assets/application.self-e80e8f2318043e8af94dddc2adad5a4f09739a8ebb323b3ab31cd71d45fd9113.css?body=1" for ::1 at 2015-11-08 00:58:23 -0500


Started GET "/assets/bootstrap_customization.self-b41e7a404d5a73665fa39138743c8d514f87a70fc0a9c0460575cdb065f2e8cb.css?body=1" for ::1 at 2015-11-08 00:58:23 -0500


Started GET "/assets/jquery.self-a714331225dda820228db323939889f149aec0127aeb06255646b616ba1ca419.js?body=1" for ::1 at 2015-11-08 00:58:23 -0500


Started GET "/assets/jquery_ujs.self-d456baa54c1fa6be2ec3711f0a72ddf7a5b2f34a6b4f515f33767d6207b7d4b3.js?body=1" for ::1 at 2015-11-08 00:58:23 -0500


Started GET "/assets/bootstrap/alert.self-896ab026e6823f5cef2441e07dac53d0692a5b772ac58b1ce20aa624c342d3f4.js?body=1" for ::1 at 2015-11-08 00:58:23 -0500


Started GET "/assets/bootstrap/affix.self-f7aef9d98ee5ece34a6a92a6a15bba777d93e8d908b75c95a85088277f394200.js?body=1" for ::1 at 2015-11-08 00:58:23 -0500


Started GET "/assets/turbolinks.self-c37727e9bd6b2735da5c311aa83fead54ed0be6cc8bd9a65309e9c5abe2cbfff.js?body=1" for ::1 at 2015-11-08 00:58:23 -0500


Started GET "/assets/bootstrap/button.self-d19f3e2bcd3a7a4d75c11b9141b3fabd2c11987da1e99c85548ec3ecf8db30c3.js?body=1" for ::1 at 2015-11-08 00:58:23 -0500


Started GET "/assets/bootstrap/carousel.self-b2e5e14483e6c31343a83861b7d487620f143d6fc2d07d5ae7544b6b225ba6be.js?body=1" for ::1 at 2015-11-08 00:58:23 -0500


Started GET "/assets/bootstrap/collapse.self-93820e9b486e375a7fb4477602def3a6f8381fa6d50938d5378297ffbe4a1248.js?body=1" for ::1 at 2015-11-08 00:58:23 -0500


Started GET "/assets/bootstrap/dropdown.self-30536ae4d54b2685c26b5787ed0eb549a9075717fe690cce6270873bedf2df00.js?body=1" for ::1 at 2015-11-08 00:58:23 -0500


Started GET "/assets/bootstrap/tab.self-9b77df34cbbb08ec93a806d6cdb741f04e3dbf3389978a0679146f2d2987bc89.js?body=1" for ::1 at 2015-11-08 00:58:23 -0500


Started GET "/assets/bootstrap/tooltip.self-3aa41fbe871573b34e0ebddf31598cd5a11a9841ca85f90934ea46326e46626d.js?body=1" for ::1 at 2015-11-08 00:58:24 -0500


Started GET "/assets/bootstrap/scrollspy.self-c5c6ed008955656d345067e9821d79f1216b8383134d08465d4aa1a33a2b93b4.js?body=1" for ::1 at 2015-11-08 00:58:24 -0500


Started GET "/assets/bootstrap/modal.self-bcfe54f3132bf16a8c5ce4289e47eba488f6522a08f49f378a037061c6c7aa4c.js?body=1" for ::1 at 2015-11-08 00:58:24 -0500


Started GET "/assets/bootstrap/transition.self-9616c4e856b57659b67da3c6f2adcd584b5601ef4bebcdadab8ebb387d80bb25.js?body=1" for ::1 at 2015-11-08 00:58:24 -0500


Started GET "/assets/bootstrap/popover.self-b73e9c9111d01148e24bbc46e096782e024dc5db630e7078cf11ed2587ef8551.js?body=1" for ::1 at 2015-11-08 00:58:24 -0500


Started GET "/assets/bootstrap-sprockets.self-fbfa5ad7d9aa0afe439ec4ff3883acc4cb92b62cb67c40d674320c9aa1d4642d.js?body=1" for ::1 at 2015-11-08 00:58:24 -0500


Started GET "/assets/pages.self-877aef30ae1b040ab8a3aba4e3e309a11d7f2612f44dde450b5c157aa5f95c05.js?body=1" for ::1 at 2015-11-08 00:58:24 -0500


Started GET "/assets/thoughts.self-877aef30ae1b040ab8a3aba4e3e309a11d7f2612f44dde450b5c157aa5f95c05.js?body=1" for ::1 at 2015-11-08 00:58:24 -0500


Started GET "/assets/application.self-f8806224e027f3e3f0138ea9ce99319e298dfdb323304d1f1be6eae8e8c74724.js?body=1" for ::1 at 2015-11-08 00:58:24 -0500


Started GET "/" for ::1 at 2015-11-27 01:48:48 -0500
  [1m[36mActiveRecord::SchemaMigration Load (0.6ms)[0m  [1mSELECT "schema_migrations".* FROM "schema_migrations"[0m
Processing by PagesController#home as HTML
  [1m[35mUser Load (0.6ms)[0m  SELECT  "users".* FROM "users" WHERE "users"."id" = ?  ORDER BY "users"."id" ASC LIMIT 1  [["id", 1]]
  Rendered pages/home.html.erb within layouts/application (21.8ms)
Completed 200 OK in 601ms (Views: 587.2ms | ActiveRecord: 1.2ms)


Started GET "/assets/pages.self-e3b0c44298fc1c149afbf4c8996fb92427ae41e4649b934ca495991b7852b855.css?body=1" for ::1 at 2015-11-27 01:48:49 -0500


Started GET "/assets/jquery_ujs.self-d456baa54c1fa6be2ec3711f0a72ddf7a5b2f34a6b4f515f33767d6207b7d4b3.js?body=1" for ::1 at 2015-11-27 01:48:49 -0500


Started GET "/assets/turbolinks.self-c37727e9bd6b2735da5c311aa83fead54ed0be6cc8bd9a65309e9c5abe2cbfff.js?body=1" for ::1 at 2015-11-27 01:48:49 -0500


Started GET "/assets/jquery.self-a714331225dda820228db323939889f149aec0127aeb06255646b616ba1ca419.js?body=1" for ::1 at 2015-11-27 01:48:49 -0500


Started GET "/assets/application.self-e80e8f2318043e8af94dddc2adad5a4f09739a8ebb323b3ab31cd71d45fd9113.css?body=1" for ::1 at 2015-11-27 01:48:49 -0500


Started GET "/assets/bootstrap/affix.self-f7aef9d98ee5ece34a6a92a6a15bba777d93e8d908b75c95a85088277f394200.js?body=1" for ::1 at 2015-11-27 01:48:49 -0500


Started GET "/assets/bootstrap/alert.self-896ab026e6823f5cef2441e07dac53d0692a5b772ac58b1ce20aa624c342d3f4.js?body=1" for ::1 at 2015-11-27 01:48:49 -0500


Started GET "/assets/bootstrap/button.self-d19f3e2bcd3a7a4d75c11b9141b3fabd2c11987da1e99c85548ec3ecf8db30c3.js?body=1" for ::1 at 2015-11-27 01:48:49 -0500


Started GET "/assets/bootstrap/carousel.self-b2e5e14483e6c31343a83861b7d487620f143d6fc2d07d5ae7544b6b225ba6be.js?body=1" for ::1 at 2015-11-27 01:48:49 -0500


Started GET "/assets/bootstrap/collapse.self-93820e9b486e375a7fb4477602def3a6f8381fa6d50938d5378297ffbe4a1248.js?body=1" for ::1 at 2015-11-27 01:48:49 -0500


Started GET "/assets/bootstrap_customization.self-b41e7a404d5a73665fa39138743c8d514f87a70fc0a9c0460575cdb065f2e8cb.css?body=1" for ::1 at 2015-11-27 01:48:49 -0500


Started GET "/assets/bootstrap/tab.self-9b77df34cbbb08ec93a806d6cdb741f04e3dbf3389978a0679146f2d2987bc89.js?body=1" for ::1 at 2015-11-27 01:48:49 -0500


Started GET "/assets/bootstrap/transition.self-9616c4e856b57659b67da3c6f2adcd584b5601ef4bebcdadab8ebb387d80bb25.js?body=1" for ::1 at 2015-11-27 01:48:49 -0500


Started GET "/assets/bootstrap/dropdown.self-30536ae4d54b2685c26b5787ed0eb549a9075717fe690cce6270873bedf2df00.js?body=1" for ::1 at 2015-11-27 01:48:49 -0500


Started GET "/assets/bootstrap/scrollspy.self-c5c6ed008955656d345067e9821d79f1216b8383134d08465d4aa1a33a2b93b4.js?body=1" for ::1 at 2015-11-27 01:48:49 -0500


Started GET "/assets/bootstrap/modal.self-bcfe54f3132bf16a8c5ce4289e47eba488f6522a08f49f378a037061c6c7aa4c.js?body=1" for ::1 at 2015-11-27 01:48:49 -0500


Started GET "/assets/bootstrap/tooltip.self-3aa41fbe871573b34e0ebddf31598cd5a11a9841ca85f90934ea46326e46626d.js?body=1" for ::1 at 2015-11-27 01:48:49 -0500


Started GET "/assets/bootstrap/popover.self-b73e9c9111d01148e24bbc46e096782e024dc5db630e7078cf11ed2587ef8551.js?body=1" for ::1 at 2015-11-27 01:48:49 -0500


Started GET "/assets/pages.self-877aef30ae1b040ab8a3aba4e3e309a11d7f2612f44dde450b5c157aa5f95c05.js?body=1" for ::1 at 2015-11-27 01:48:49 -0500


Started GET "/assets/thoughts.self-877aef30ae1b040ab8a3aba4e3e309a11d7f2612f44dde450b5c157aa5f95c05.js?body=1" for ::1 at 2015-11-27 01:48:49 -0500


Started GET "/assets/bootstrap-sprockets.self-fbfa5ad7d9aa0afe439ec4ff3883acc4cb92b62cb67c40d674320c9aa1d4642d.js?body=1" for ::1 at 2015-11-27 01:48:49 -0500


Started GET "/assets/application.self-f8806224e027f3e3f0138ea9ce99319e298dfdb323304d1f1be6eae8e8c74724.js?body=1" for ::1 at 2015-11-27 01:48:49 -0500


Started DELETE "/users/sign_out" for ::1 at 2015-11-27 01:48:52 -0500
Processing by Devise::SessionsController#destroy as HTML
  Parameters: {"authenticity_token"=>"7HsNmfNhvc46p5DyyOJ+WiiPEeu20oMqlAbaw9+ssjXd3sD7+aW+pKzyEcKjgGTQwVu/KX/SWN0C39PEllMRbQ=="}
  [1m[36mUser Load (0.1ms)[0m  [1mSELECT  "users".* FROM "users" WHERE "users"."id" = ?  ORDER BY "users"."id" ASC LIMIT 1[0m  [["id", 1]]
  [1m[35m (0.1ms)[0m  begin transaction
  [1m[36m (0.1ms)[0m  [1mcommit transaction[0m
Redirected to http://localhost:3000/
Completed 302 Found in 23ms (ActiveRecord: 0.3ms)


Started GET "/" for ::1 at 2015-11-27 01:48:52 -0500
Processing by PagesController#home as HTML
  Rendered pages/home.html.erb within layouts/application (4.8ms)
Completed 200 OK in 123ms (Views: 121.8ms | ActiveRecord: 0.0ms)


Started GET "/users/sign_in" for ::1 at 2015-11-27 01:48:54 -0500
Processing by Devise::SessionsController#new as HTML
  Rendered devise/shared/_links.html.erb (3.2ms)
  Rendered devise/sessions/new.html.erb within layouts/application (32.9ms)
Completed 200 OK in 168ms (Views: 164.8ms | ActiveRecord: 0.0ms)


Started POST "/users/sign_in" for ::1 at 2015-11-27 01:48:58 -0500
Processing by Devise::SessionsController#create as HTML
  Parameters: {"utf8"=>"✓", "authenticity_token"=>"PZzJ2D8j+OuDiaF/AgKLCzfZeKU1phIObPRK7824qv8PyeBQQ3uOdjVbfwamSjhVdijIPlwPEJUhL/rzKi401A==", "user"=>{"email"=>"guozhaonan@gmail.com", "password"=>"[FILTERED]", "remember_me"=>"0"}, "commit"=>"Log in"}
  [1m[35mUser Load (0.4ms)[0m  SELECT  "users".* FROM "users" WHERE "users"."email" = ?  ORDER BY "users"."id" ASC LIMIT 1  [["email", "guozhaonan@gmail.com"]]
  [1m[36m (0.1ms)[0m  [1mbegin transaction[0m
  [1m[35mSQL (0.6ms)[0m  UPDATE "users" SET "last_sign_in_at" = ?, "current_sign_in_at" = ?, "sign_in_count" = ?, "updated_at" = ? WHERE "users"."id" = ?  [["last_sign_in_at", "2015-11-08 05:55:09.333563"], ["current_sign_in_at", "2015-11-27 06:48:58.812725"], ["sign_in_count", 3], ["updated_at", "2015-11-27 06:48:58.813885"], ["id", 1]]
  [1m[36m (0.7ms)[0m  [1mcommit transaction[0m
Redirected to http://localhost:3000/
Completed 302 Found in 113ms (ActiveRecord: 1.8ms)


Started GET "/" for ::1 at 2015-11-27 01:48:58 -0500
Processing by PagesController#home as HTML
  [1m[35mUser Load (0.2ms)[0m  SELECT  "users".* FROM "users" WHERE "users"."id" = ?  ORDER BY "users"."id" ASC LIMIT 1  [["id", 1]]
  Rendered pages/home.html.erb within layouts/application (1.5ms)
Completed 200 OK in 128ms (Views: 127.4ms | ActiveRecord: 0.2ms)


Started GET "/thoughts" for ::1 at 2015-11-27 01:49:02 -0500
Processing by ThoughtsController#index as HTML
  [1m[36mThought Load (0.7ms)[0m  [1mSELECT "thoughts".* FROM "thoughts"[0m
  [1m[35mUser Load (0.2ms)[0m  SELECT  "users".* FROM "users" WHERE "users"."id" = ? LIMIT 1  [["id", 1]]
  Rendered thoughts/index.html.erb within layouts/application (22.9ms)
Completed 200 OK in 168ms (Views: 159.5ms | ActiveRecord: 1.1ms)


Started GET "/thoughts/new" for ::1 at 2015-11-27 01:49:07 -0500
Processing by ThoughtsController#new as HTML
  [1m[36mUser Load (0.1ms)[0m  [1mSELECT  "users".* FROM "users" WHERE "users"."id" = ?  ORDER BY "users"."id" ASC LIMIT 1[0m  [["id", 1]]
  Rendered thoughts/_form.html.erb (4.8ms)
  Rendered thoughts/new.html.erb within layouts/application (8.2ms)
Completed 200 OK in 132ms (Views: 118.2ms | ActiveRecord: 0.1ms)
